<?xml version="1.0" encoding="UTF-8"?>
<!-- Generated by org.testng.reporters.JUnitReportReporter -->
<testsuite hostname="DESKTOP-H9H9UJC" failures="0" tests="1" name="testPackage.ValidLoginTestCase" time="15.132" errors="0" timestamp="2023-06-03T20:01:48 IST" skipped="0">
  <testcase classname="testPackage.ValidLoginTestCase" name="validLoginMethod" time="15.132"/>
  <system-out/>
</testsuite> <!-- testPackage.ValidLoginTestCase -->
