<?xml version="1.0" encoding="UTF-8"?>
<!-- Generated by org.testng.reporters.JUnitReportReporter -->
<testsuite hostname="DESKTOP-H9H9UJC" failures="0" tests="2" name="testNGAnnotations.Annotations" time="0.025" errors="0" timestamp="2023-05-23T10:57:29 IST" skipped="0">
  <testcase classname="testNGAnnotations.Annotations" name="g" time="0.007"/>
  <system-out>
    <![CDATA[g method execute]]>
  </system-out>
  <testcase classname="testNGAnnotations.Annotations" name="f" time="0.018"/>
  <system-out>
    <![CDATA[f method execute]]>
  </system-out>
</testsuite> <!-- testNGAnnotations.Annotations -->
