<?xml version="1.0" encoding="UTF-8"?>
<!-- Generated by org.testng.reporters.JUnitReportReporter -->
<testsuite hostname="DESKTOP-H9H9UJC" failures="0" tests="2" name="testNG1package.MethodExecution" time="0.055" errors="0" timestamp="2023-05-24T23:44:26 IST" skipped="0">
  <testcase classname="testNG1package.MethodExecution" name="method1" time="0.052"/>
  <system-out>
    <![CDATA[1: is the thread id of Method
method 1]]>
  </system-out>
  <testcase classname="testNG1package.MethodExecution" name="method2" time="0.003"/>
  <system-out>
    <![CDATA[1: is the thread id of Method
method 2]]>
  </system-out>
</testsuite> <!-- testNG1package.MethodExecution -->
