<?xml version="1.0" encoding="UTF-8"?>
<!-- Generated by org.testng.reporters.JUnitReportReporter -->
<testsuite hostname="DESKTOP-H9H9UJC" failures="0" tests="1" name="testNGpackage.Demo" time="0.004" errors="0" timestamp="2023-05-22T11:22:48 IST" skipped="0">
  <testcase classname="testNGpackage.Demo" name="demoMethod" time="0.004"/>
  <system-out>
    <![CDATA[TestNG]]>
  </system-out>
</testsuite> <!-- testNGpackage.Demo -->
