<?xml version="1.0" encoding="UTF-8"?>
<!-- Generated by org.testng.reporters.JUnitReportReporter -->
<testsuite hostname="DESKTOP-H9H9UJC" failures="0" tests="3" name="testNG1package.DemoTest1" time="0.011" errors="0" timestamp="2023-05-23T09:59:03 IST" skipped="0">
  <testcase classname="testNG1package.DemoTest1" name="g" time="0.004"/>
  <system-out>
    <![CDATA[g method from DemoTest1]]>
  </system-out>
  <testcase classname="testNG1package.DemoTest1" name="g1" time="0.003"/>
  <system-out>
    <![CDATA[g1 method from DemoTest1]]>
  </system-out>
  <testcase classname="testNG1package.DemoTest1" name="g2" time="0.004"/>
  <system-out>
    <![CDATA[g2 method from DemoTest1]]>
  </system-out>
</testsuite> <!-- testNG1package.DemoTest1 -->
