<?xml version="1.0" encoding="UTF-8"?>
<!-- Generated by org.testng.reporters.JUnitReportReporter -->
<testsuite hostname="DESKTOP-H9H9UJC" failures="0" tests="3" name="testNGFlags.DependsOnFlag" time="0.036" errors="0" timestamp="2023-05-26T19:33:57 IST" skipped="0">
  <testcase classname="testNGFlags.DependsOnFlag" name="logoutMethod" time="0.005"/>
  <system-out>
    <![CDATA[Logout Performed]]>
  </system-out>
  <testcase classname="testNGFlags.DependsOnFlag" name="userCreateMethod" time="0.004"/>
  <system-out>
    <![CDATA[User created]]>
  </system-out>
  <testcase classname="testNGFlags.DependsOnFlag" name="loginMethod" time="0.027"/>
  <system-out>
    <![CDATA[Login Performed]]>
  </system-out>
</testsuite> <!-- testNGFlags.DependsOnFlag -->
