<?xml version="1.0" encoding="UTF-8"?>
<!-- Generated by org.testng.reporters.JUnitReportReporter -->
<testsuite hostname="DESKTOP-H9H9UJC" failures="0" tests="5" name="dynamicScreenShot.ActitimeDataProvider" time="386.907" errors="0" timestamp="2023-05-30T22:51:28 IST" skipped="0">
  <testcase classname="dynamicScreenShot.ActitimeDataProvider" name="loginInvalid" time="71.311"/>
  <system-out/>
  <testcase classname="dynamicScreenShot.ActitimeDataProvider" name="loginInvalid" time="152.651"/>
  <system-out/>
  <testcase classname="dynamicScreenShot.ActitimeDataProvider" name="loginInvalid" time="33.516"/>
  <system-out/>
  <testcase classname="dynamicScreenShot.ActitimeDataProvider" name="loginInvalid" time="59.094"/>
  <system-out/>
  <testcase classname="dynamicScreenShot.ActitimeDataProvider" name="loginInvalid" time="70.335"/>
  <system-out/>
</testsuite> <!-- dynamicScreenShot.ActitimeDataProvider -->
