<?xml version="1.0" encoding="UTF-8"?>
<!-- Generated by org.testng.reporters.JUnitReportReporter -->
<testsuite hostname="DESKTOP-H9H9UJC" failures="0" tests="7" name="testNGFlags.PriorityFlag" time="0.058" errors="0" timestamp="2023-05-26T19:25:50 IST" skipped="0">
  <testcase classname="testNGFlags.PriorityFlag" name="a" time="0.022"/>
  <system-out>
    <![CDATA[Method a]]>
  </system-out>
  <testcase classname="testNGFlags.PriorityFlag" name="c" time="0.003"/>
  <system-out>
    <![CDATA[Method c]]>
  </system-out>
  <testcase classname="testNGFlags.PriorityFlag" name="e" time="0.004"/>
  <system-out>
    <![CDATA[Method e]]>
  </system-out>
  <testcase classname="testNGFlags.PriorityFlag" name="g" time="0.009"/>
  <system-out>
    <![CDATA[Method a]]>
  </system-out>
  <testcase classname="testNGFlags.PriorityFlag" name="b" time="0.004"/>
  <system-out>
    <![CDATA[Method b]]>
  </system-out>
  <testcase classname="testNGFlags.PriorityFlag" name="d" time="0.005"/>
  <system-out>
    <![CDATA[Method d]]>
  </system-out>
  <testcase classname="testNGFlags.PriorityFlag" name="f" time="0.011"/>
  <system-out>
    <![CDATA[Method f]]>
  </system-out>
</testsuite> <!-- testNGFlags.PriorityFlag -->
