<?xml version="1.0" encoding="UTF-8"?>
<!-- Generated by org.testng.reporters.JUnitReportReporter -->
<testsuite hostname="DESKTOP-H9H9UJC" failures="0" tests="3" name="testNGFlags.GroupsFlag" time="0.063" errors="0" timestamp="2023-05-29T19:07:47 IST" skipped="0">
  <testcase classname="testNGFlags.GroupsFlag" name="it2" time="0.003"/>
  <system-out>
    <![CDATA[ITC2]]>
  </system-out>
  <testcase classname="testNGFlags.GroupsFlag" name="it1" time="0.057"/>
  <system-out>
    <![CDATA[ITC1]]>
  </system-out>
  <testcase classname="testNGFlags.GroupsFlag" name="it3" time="0.003"/>
  <system-out>
    <![CDATA[ITC3]]>
  </system-out>
</testsuite> <!-- testNGFlags.GroupsFlag -->
