<?xml version="1.0" encoding="UTF-8"?>
<!-- Generated by org.testng.reporters.JUnitReportReporter -->
<testsuite hostname="DESKTOP-H9H9UJC" failures="0" tests="1" name="testNG1package.Test1" time="154.473" errors="0" timestamp="2023-05-24T10:13:04 IST" skipped="0">
  <testcase classname="testNG1package.Test1" name="f" time="154.473"/>
  <system-out/>
</testsuite> <!-- testNG1package.Test1 -->
