<?xml version="1.0" encoding="UTF-8"?>
<!-- Generated by org.testng.reporters.JUnitReportReporter -->
<testsuite hostname="DESKTOP-H9H9UJC" failures="0" tests="3" name="testNG1package.DemoTest3" time="0.087" errors="0" timestamp="2023-05-23T09:59:03 IST" skipped="0">
  <testcase classname="testNG1package.DemoTest3" name="t1" time="0.060"/>
  <system-out>
    <![CDATA[t1 method from DemoTest3]]>
  </system-out>
  <testcase classname="testNG1package.DemoTest3" name="t2" time="0.008"/>
  <system-out>
    <![CDATA[t2 method from DemoTest3]]>
  </system-out>
  <testcase classname="testNG1package.DemoTest3" name="t3" time="0.019"/>
  <system-out>
    <![CDATA[t3 method from DemoTest3]]>
  </system-out>
</testsuite> <!-- testNG1package.DemoTest3 -->
