<?xml version="1.0" encoding="UTF-8"?>
<!-- Generated by org.testng.reporters.JUnitReportReporter -->
<testsuite hostname="DESKTOP-H9H9UJC" failures="0" tests="7" name="testNGFlags.InvocationCountFlag" time="0.060" errors="0" timestamp="2023-05-26T19:20:25 IST" skipped="0">
  <testcase classname="testNGFlags.InvocationCountFlag" name="f" time="0.008"/>
  <system-out>
    <![CDATA[login Test Case]]>
  </system-out>
  <testcase classname="testNGFlags.InvocationCountFlag" name="f" time="0.004"/>
  <system-out>
    <![CDATA[login Test Case]]>
  </system-out>
  <testcase classname="testNGFlags.InvocationCountFlag" name="f" time="0.007"/>
  <system-out>
    <![CDATA[login Test Case]]>
  </system-out>
  <testcase classname="testNGFlags.InvocationCountFlag" name="f" time="0.023"/>
  <system-out>
    <![CDATA[login Test Case]]>
  </system-out>
  <testcase classname="testNGFlags.InvocationCountFlag" name="f" time="0.006"/>
  <system-out>
    <![CDATA[login Test Case]]>
  </system-out>
  <testcase classname="testNGFlags.InvocationCountFlag" name="f" time="0.006"/>
  <system-out>
    <![CDATA[login Test Case]]>
  </system-out>
  <testcase classname="testNGFlags.InvocationCountFlag" name="f" time="0.006"/>
  <system-out>
    <![CDATA[login Test Case]]>
  </system-out>
</testsuite> <!-- testNGFlags.InvocationCountFlag -->
