<?xml version="1.0" encoding="UTF-8"?>
<!-- Generated by org.testng.reporters.JUnitReportReporter -->
<testsuite hostname="DESKTOP-H9H9UJC" failures="0" tests="1" name="testNG1package.Test2" time="55.329" errors="0" timestamp="2023-05-22T14:32:28 IST" skipped="0">
  <testcase classname="testNG1package.Test2" name="f" time="55.329"/>
  <system-out/>
</testsuite> <!-- testNG1package.Test2 -->
