<?xml version="1.0" encoding="UTF-8"?>
<!-- Generated by org.testng.reporters.JUnitReportReporter -->
<testsuite hostname="DESKTOP-H9H9UJC" failures="0" tests="3" name="testNGAnnotations.GoogleSearchTestCase" time="84.008" errors="0" timestamp="2023-05-23T14:19:09 IST" skipped="0">
  <testcase classname="testNGAnnotations.GoogleSearchTestCase" name="h" time="17.904"/>
  <system-out/>
  <testcase classname="testNGAnnotations.GoogleSearchTestCase" name="g" time="13.565"/>
  <system-out/>
  <testcase classname="testNGAnnotations.GoogleSearchTestCase" name="f" time="52.539"/>
  <system-out/>
</testsuite> <!-- testNGAnnotations.GoogleSearchTestCase -->
