<?xml version="1.0" encoding="UTF-8"?>
<!-- Generated by org.testng.reporters.JUnitReportReporter -->
<testsuite hostname="DESKTOP-H9H9UJC" failures="0" tests="1" name="testNGFlags.DescriptionFlag" time="0.024" errors="0" timestamp="2023-05-26T19:14:29 IST" skipped="0">
  <testcase classname="testNGFlags.DescriptionFlag" name="f" time="0.024"/>
  <system-out>
    <![CDATA[Login Test Case]]>
  </system-out>
</testsuite> <!-- testNGFlags.DescriptionFlag -->
