<?xml version="1.0" encoding="UTF-8"?>
<!-- Generated by org.testng.reporters.JUnitReportReporter -->
<testsuite hostname="DESKTOP-H9H9UJC" failures="0" tests="1" name="testNG1package.DemoTest2" time="0.025" errors="0" timestamp="2023-05-23T09:59:03 IST" skipped="0">
  <testcase classname="testNG1package.DemoTest2" name="f1" time="0.025"/>
  <system-out>
    <![CDATA[f1 method from DemoTest1]]>
  </system-out>
</testsuite> <!-- testNG1package.DemoTest2 -->
