<?xml version="1.0" encoding="UTF-8"?>
<!-- Generated by org.testng.reporters.JUnitReportReporter -->
<testsuite hostname="DESKTOP-H9H9UJC" failures="0" tests="1" name="testNGpackage.Remo" time="0.009" errors="0" timestamp="2023-05-22T11:22:48 IST" skipped="0">
  <testcase classname="testNGpackage.Remo" name="remoMethod" time="0.009"/>
  <system-out>
    <![CDATA[Automation]]>
  </system-out>
</testsuite> <!-- testNGpackage.Remo -->
