<?xml version="1.0" encoding="UTF-8"?>
<!-- Generated by org.testng.reporters.JUnitReportReporter -->
<testsuite hostname="DESKTOP-H9H9UJC" failures="0" tests="2" name="testNGFlags.EnabledFalg" time="0.023" errors="0" timestamp="2023-05-26T19:17:32 IST" skipped="1">
  <testcase classname="testNGFlags.EnabledFalg" name="f" time="0.023"/>
  <system-out>
    <![CDATA[login performed]]>
  </system-out>
  <testcase classname="testNGFlags.EnabledFalg" name="g">
    <skipped/>
  </testcase> <!-- g -->
  <system-out/>
</testsuite> <!-- testNGFlags.EnabledFalg -->
