<?xml version="1.0" encoding="UTF-8"?>
<!-- Generated by org.testng.reporters.JUnitReportReporter -->
<testsuite hostname="DESKTOP-H9H9UJC" failures="0" tests="1" name="testNGpackage.Sumo" time="0.025" errors="0" timestamp="2023-05-22T11:22:48 IST" skipped="0">
  <testcase classname="testNGpackage.Sumo" name="sumoMethod" time="0.025"/>
  <system-out>
    <![CDATA[Java]]>
  </system-out>
</testsuite> <!-- testNGpackage.Sumo -->
