<?xml version="1.0" encoding="UTF-8"?>
<!-- Generated by org.testng.reporters.JUnitReportReporter -->
<testsuite hostname="DESKTOP-H9H9UJC" failures="0" tests="1" name="testPackage.ValidLoginTestCase" time="133.348" errors="0" timestamp="2023-06-03T09:38:51 IST" skipped="0">
  <testcase classname="testPackage.ValidLoginTestCase" name="validTestCase" time="133.348"/>
  <system-out>
    <![CDATA[Browser open and test will start
TestCase executed successfully]]>
  </system-out>
</testsuite> <!-- testPackage.ValidLoginTestCase -->
